Arguments: 
  /Users/tars/.nvm/versions/node/v18.1.0/bin/node /Users/tars/.nvm/versions/node/v18.1.0/bin/yarn

PATH: 
  /Users/tars/.rvm/gems/ruby-2.7.5/bin:/Users/tars/.rvm/gems/ruby-2.7.5@global/bin:/Users/tars/.rvm/rubies/ruby-2.7.5/bin:/Users/tars/.nvm/versions/node/v18.1.0/bin:/usr/local/bin:/System/Cryptexes/App/usr/bin:/usr/bin:/bin:/usr/sbin:/sbin:/usr/local/MacGPG2/bin:/usr/local/share/dotnet:~/.dotnet/tools:/Library/Apple/usr/bin:/Library/Frameworks/Mono.framework/Versions/Current/Commands:/Users/tars/mdx-starter/node_modules/.bin:/usr/local/bin:/Users/tars/.rvm/bin

Yarn version: 
  1.22.19

Node version: 
  18.1.0

Platform: 
  darwin x64

Trace: 
  Error: EEXIST: file already exists, mkdir '/Users/tars/mdx-starter/node_modules'

npm manifest: 
  {
    "name": "mdx-starter",
    "description": "Gatsby MDX starter site for experiments.",
    "version": "0.0.1",
    "type": "commonjs",
    "private": true,
    "license": "0BSD",
    "dependencies": {
      "@mdx-js/react": "^2.1.5",
      "@nivo/core": "0.80.0",
      "@nivo/line": "0.80.0",
      "gatsby": "5.0.1",
      "gatsby-plugin-mdx": "5.0.0",
      "gatsby-plugin-sharp": "5.0.0",
      "gatsby-remark-images": "7.0.0",
      "gatsby-remark-mermaid": "file:.yalc/gatsby-remark-mermaid",
      "gatsby-source-filesystem": "5.0.0",
      "mdast-util-to-string": "^2.0.0",
      "react": "^18.2.0",
      "react-dom": "^18.2.0",
      "reading-time": "^1.5.0",
      "rehype-autolink-headings": "5.1.0",
      "rehype-slug": "4.0.1",
      "remark-external-links": "8.0.0",
      "remark-gfm": "^1.0.0",
      "remark-mermaidjs": "^2.1.1",
      "remark-unwrap-images": "^2.1.0",
      "slugify": "^1.6.5",
      "unist-util-visit": "^2.0.3"
    },
    "devDependencies": {
      "prettier": "^2.7.1",
      "puppeteer": "^19.2.2",
      "puppeteer-core": "^19.2.2"
    },
    "keywords": [
      "gatsby"
    ],
    "scripts": {
      "build": "gatsby build",
      "dev": "gatsby develop",
      "format": "prettier --write \"**/*.{js,jsx,json,md,mdx}\"",
      "serve": "gatsby serve",
      "clean": "gatsby clean",
      "test": "echo \"Write tests! -> https://gatsby.dev/unit-testing\" && exit 1"
    },
    "packageManager": "yarn@3.2.4"
  }

yarn manifest: 
  No manifest

Lockfile: 
  No lockfile
